ARM GAS  /var/folders/km/q6jdms0143g2bddz5bhvdfd00000gn/T//cc5a8nZz.s 			page 1


   1              		.cpu cortex-m4
   2              		.eabi_attribute 27, 1
   3              		.eabi_attribute 28, 1
   4              		.eabi_attribute 20, 1
   5              		.eabi_attribute 21, 1
   6              		.eabi_attribute 23, 3
   7              		.eabi_attribute 24, 1
   8              		.eabi_attribute 25, 1
   9              		.eabi_attribute 26, 1
  10              		.eabi_attribute 30, 2
  11              		.eabi_attribute 34, 1
  12              		.eabi_attribute 18, 4
  13              		.file	"crt1.c"
  14              		.text
  15              	.Ltext0:
  16              		.cfi_sections	.debug_frame
  17              		.section	.text.__early_init,"ax",%progbits
  18              		.align	1
  19              		.p2align 4,,15
  20              		.weak	__early_init
  21              		.syntax unified
  22              		.thumb
  23              		.thumb_func
  24              		.fpu fpv4-sp-d16
  25              		.type	__early_init, %function
  26              	__early_init:
  27              	.LFB0:
  28              		.file 1 "../../lib/ChibiOS/os/common/ports/ARMCMx/compilers/GCC/crt1.c"
  29              		.loc 1 41 0
  30              		.cfi_startproc
  31              		@ args = 0, pretend = 0, frame = 0
  32              		@ frame_needed = 0, uses_anonymous_args = 0
  33              		@ link register save eliminated.
  34              		.loc 1 41 0
  35 0000 7047     		bx	lr
  36              		.cfi_endproc
  37              	.LFE0:
  38              		.size	__early_init, .-__early_init
  39 0002 00BF     		.section	.text.__late_init,"ax",%progbits
  40              		.align	1
  41              		.p2align 4,,15
  42              		.weak	__late_init
  43              		.syntax unified
  44              		.thumb
  45              		.thumb_func
  46              		.fpu fpv4-sp-d16
  47              		.type	__late_init, %function
  48              	__late_init:
  49              	.LFB4:
  50              		.cfi_startproc
  51              		@ args = 0, pretend = 0, frame = 0
  52              		@ frame_needed = 0, uses_anonymous_args = 0
  53              		@ link register save eliminated.
  54 0000 7047     		bx	lr
  55              		.cfi_endproc
  56              	.LFE4:
  57              		.size	__late_init, .-__late_init
ARM GAS  /var/folders/km/q6jdms0143g2bddz5bhvdfd00000gn/T//cc5a8nZz.s 			page 2


  58 0002 00BF     		.section	.text.__default_exit,"ax",%progbits
  59              		.align	1
  60              		.p2align 4,,15
  61              		.weak	__default_exit
  62              		.syntax unified
  63              		.thumb
  64              		.thumb_func
  65              		.fpu fpv4-sp-d16
  66              		.type	__default_exit, %function
  67              	__default_exit:
  68              	.LFB2:
  69              		.loc 1 68 0
  70              		.cfi_startproc
  71              		@ Volatile: function does not return.
  72              		@ args = 0, pretend = 0, frame = 0
  73              		@ frame_needed = 0, uses_anonymous_args = 0
  74              		@ link register save eliminated.
  75              	.L5:
  76 0000 FEE7     		b	.L5
  77              		.cfi_endproc
  78              	.LFE2:
  79              		.size	__default_exit, .-__default_exit
  80 0002 00BF     		.text
  81              	.Letext0:
  82              		.section	.debug_info,"",%progbits
  83              	.Ldebug_info0:
  84 0000 51000000 		.4byte	0x51
  85 0004 0400     		.2byte	0x4
  86 0006 00000000 		.4byte	.Ldebug_abbrev0
  87 000a 04       		.byte	0x4
  88 000b 01       		.uleb128 0x1
  89 000c 00000000 		.4byte	.LASF0
  90 0010 0C       		.byte	0xc
  91 0011 19010000 		.4byte	.LASF1
  92 0015 64010000 		.4byte	.LASF2
  93 0019 00000000 		.4byte	.Ldebug_ranges0+0
  94 001d 00000000 		.4byte	0
  95 0021 00000000 		.4byte	.Ldebug_line0
  96 0025 02       		.uleb128 0x2
  97 0026 E0010000 		.4byte	.LASF3
  98 002a 01       		.byte	0x1
  99 002b 44       		.byte	0x44
 100 002c 00000000 		.4byte	.LFB2
 101 0030 02000000 		.4byte	.LFE2-.LFB2
 102 0034 01       		.uleb128 0x1
 103 0035 9C       		.byte	0x9c
 104 0036 03       		.uleb128 0x3
 105 0037 D4010000 		.4byte	.LASF4
 106 003b 01       		.byte	0x1
 107 003c 37       		.byte	0x37
 108 003d 04       		.uleb128 0x4
 109 003e 57010000 		.4byte	.LASF5
 110 0042 01       		.byte	0x1
 111 0043 29       		.byte	0x29
 112 0044 01       		.byte	0x1
 113 0045 05       		.uleb128 0x5
 114 0046 3D000000 		.4byte	0x3d
ARM GAS  /var/folders/km/q6jdms0143g2bddz5bhvdfd00000gn/T//cc5a8nZz.s 			page 3


 115 004a 00000000 		.4byte	.LFB0
 116 004e 02000000 		.4byte	.LFE0-.LFB0
 117 0052 01       		.uleb128 0x1
 118 0053 9C       		.byte	0x9c
 119 0054 00       		.byte	0
 120              		.section	.debug_abbrev,"",%progbits
 121              	.Ldebug_abbrev0:
 122 0000 01       		.uleb128 0x1
 123 0001 11       		.uleb128 0x11
 124 0002 01       		.byte	0x1
 125 0003 25       		.uleb128 0x25
 126 0004 0E       		.uleb128 0xe
 127 0005 13       		.uleb128 0x13
 128 0006 0B       		.uleb128 0xb
 129 0007 03       		.uleb128 0x3
 130 0008 0E       		.uleb128 0xe
 131 0009 1B       		.uleb128 0x1b
 132 000a 0E       		.uleb128 0xe
 133 000b 55       		.uleb128 0x55
 134 000c 17       		.uleb128 0x17
 135 000d 11       		.uleb128 0x11
 136 000e 01       		.uleb128 0x1
 137 000f 10       		.uleb128 0x10
 138 0010 17       		.uleb128 0x17
 139 0011 00       		.byte	0
 140 0012 00       		.byte	0
 141 0013 02       		.uleb128 0x2
 142 0014 2E       		.uleb128 0x2e
 143 0015 00       		.byte	0
 144 0016 3F       		.uleb128 0x3f
 145 0017 19       		.uleb128 0x19
 146 0018 03       		.uleb128 0x3
 147 0019 0E       		.uleb128 0xe
 148 001a 3A       		.uleb128 0x3a
 149 001b 0B       		.uleb128 0xb
 150 001c 3B       		.uleb128 0x3b
 151 001d 0B       		.uleb128 0xb
 152 001e 27       		.uleb128 0x27
 153 001f 19       		.uleb128 0x19
 154 0020 8701     		.uleb128 0x87
 155 0022 19       		.uleb128 0x19
 156 0023 11       		.uleb128 0x11
 157 0024 01       		.uleb128 0x1
 158 0025 12       		.uleb128 0x12
 159 0026 06       		.uleb128 0x6
 160 0027 40       		.uleb128 0x40
 161 0028 18       		.uleb128 0x18
 162 0029 9742     		.uleb128 0x2117
 163 002b 19       		.uleb128 0x19
 164 002c 00       		.byte	0
 165 002d 00       		.byte	0
 166 002e 03       		.uleb128 0x3
 167 002f 2E       		.uleb128 0x2e
 168 0030 00       		.byte	0
 169 0031 3F       		.uleb128 0x3f
 170 0032 19       		.uleb128 0x19
 171 0033 03       		.uleb128 0x3
ARM GAS  /var/folders/km/q6jdms0143g2bddz5bhvdfd00000gn/T//cc5a8nZz.s 			page 4


 172 0034 0E       		.uleb128 0xe
 173 0035 3A       		.uleb128 0x3a
 174 0036 0B       		.uleb128 0xb
 175 0037 3B       		.uleb128 0x3b
 176 0038 0B       		.uleb128 0xb
 177 0039 27       		.uleb128 0x27
 178 003a 19       		.uleb128 0x19
 179 003b 00       		.byte	0
 180 003c 00       		.byte	0
 181 003d 04       		.uleb128 0x4
 182 003e 2E       		.uleb128 0x2e
 183 003f 00       		.byte	0
 184 0040 3F       		.uleb128 0x3f
 185 0041 19       		.uleb128 0x19
 186 0042 03       		.uleb128 0x3
 187 0043 0E       		.uleb128 0xe
 188 0044 3A       		.uleb128 0x3a
 189 0045 0B       		.uleb128 0xb
 190 0046 3B       		.uleb128 0x3b
 191 0047 0B       		.uleb128 0xb
 192 0048 27       		.uleb128 0x27
 193 0049 19       		.uleb128 0x19
 194 004a 20       		.uleb128 0x20
 195 004b 0B       		.uleb128 0xb
 196 004c 00       		.byte	0
 197 004d 00       		.byte	0
 198 004e 05       		.uleb128 0x5
 199 004f 2E       		.uleb128 0x2e
 200 0050 00       		.byte	0
 201 0051 31       		.uleb128 0x31
 202 0052 13       		.uleb128 0x13
 203 0053 11       		.uleb128 0x11
 204 0054 01       		.uleb128 0x1
 205 0055 12       		.uleb128 0x12
 206 0056 06       		.uleb128 0x6
 207 0057 40       		.uleb128 0x40
 208 0058 18       		.uleb128 0x18
 209 0059 9742     		.uleb128 0x2117
 210 005b 19       		.uleb128 0x19
 211 005c 00       		.byte	0
 212 005d 00       		.byte	0
 213 005e 00       		.byte	0
 214              		.section	.debug_aranges,"",%progbits
 215 0000 24000000 		.4byte	0x24
 216 0004 0200     		.2byte	0x2
 217 0006 00000000 		.4byte	.Ldebug_info0
 218 000a 04       		.byte	0x4
 219 000b 00       		.byte	0
 220 000c 0000     		.2byte	0
 221 000e 0000     		.2byte	0
 222 0010 00000000 		.4byte	.LFB0
 223 0014 02000000 		.4byte	.LFE0-.LFB0
 224 0018 00000000 		.4byte	.LFB2
 225 001c 02000000 		.4byte	.LFE2-.LFB2
 226 0020 00000000 		.4byte	0
 227 0024 00000000 		.4byte	0
 228              		.section	.debug_ranges,"",%progbits
ARM GAS  /var/folders/km/q6jdms0143g2bddz5bhvdfd00000gn/T//cc5a8nZz.s 			page 5


 229              	.Ldebug_ranges0:
 230 0000 00000000 		.4byte	.LFB0
 231 0004 02000000 		.4byte	.LFE0
 232 0008 00000000 		.4byte	.LFB2
 233 000c 02000000 		.4byte	.LFE2
 234 0010 00000000 		.4byte	0
 235 0014 00000000 		.4byte	0
 236              		.section	.debug_line,"",%progbits
 237              	.Ldebug_line0:
 238 0000 7A000000 		.section	.debug_str,"MS",%progbits,1
 238      02005400 
 238      00000201 
 238      FB0E0D00 
 238      01010101 
 239              	.LASF0:
 240 0000 474E5520 		.ascii	"GNU C11 7.2.1 20170904 (release) [ARM/embedded-7-br"
 240      43313120 
 240      372E322E 
 240      31203230 
 240      31373039 
 241 0033 616E6368 		.ascii	"anch revision 255204] -mcpu=cortex-m4 -mfloat-abi=h"
 241      20726576 
 241      6973696F 
 241      6E203235 
 241      35323034 
 242 0066 61726420 		.ascii	"ard -mfpu=fpv4-sp-d16 -mno-thumb-interwork -mthumb "
 242      2D6D6670 
 242      753D6670 
 242      76342D73 
 242      702D6431 
 243 0099 2D676764 		.ascii	"-ggdb -O2 -fomit-frame-pointer -falign-functions=16"
 243      62202D4F 
 243      32202D66 
 243      6F6D6974 
 243      2D667261 
 244 00cc 202D6666 		.ascii	" -ffunction-sections -fdata-sections -fno-common -f"
 244      756E6374 
 244      696F6E2D 
 244      73656374 
 244      696F6E73 
 245 00ff 73696E67 		.ascii	"single-precision-constant\000"
 245      6C652D70 
 245      72656369 
 245      73696F6E 
 245      2D636F6E 
 246              	.LASF1:
 247 0119 2E2E2F2E 		.ascii	"../../lib/ChibiOS/os/common/ports/ARMCMx/compilers/"
 247      2E2F6C69 
 247      622F4368 
 247      6962694F 
 247      532F6F73 
 248 014c 4743432F 		.ascii	"GCC/crt1.c\000"
 248      63727431 
 248      2E6300
 249              	.LASF5:
 250 0157 5F5F6561 		.ascii	"__early_init\000"
 250      726C795F 
ARM GAS  /var/folders/km/q6jdms0143g2bddz5bhvdfd00000gn/T//cc5a8nZz.s 			page 6


 250      696E6974 
 250      00
 251              	.LASF2:
 252 0164 2F557365 		.ascii	"/Users/xavierdulex/Documents/EPFL/MT6/robotique_et_"
 252      72732F78 
 252      61766965 
 252      7264756C 
 252      65782F44 
 253 0197 73797374 		.ascii	"systemes_ embarques/GitRobotique/TP3_Chibi/Chibi_co"
 253      656D6573 
 253      5F20656D 
 253      62617271 
 253      7565732F 
 254 01ca 72726563 		.ascii	"rrection/\000"
 254      74696F6E 
 254      2F00
 255              	.LASF4:
 256 01d4 5F5F6C61 		.ascii	"__late_init\000"
 256      74655F69 
 256      6E697400 
 257              	.LASF3:
 258 01e0 5F5F6465 		.ascii	"__default_exit\000"
 258      6661756C 
 258      745F6578 
 258      697400
 259              		.ident	"GCC: (GNU Tools for Arm Embedded Processors 7-2017-q4-major) 7.2.1 20170904 (release) [ARM
ARM GAS  /var/folders/km/q6jdms0143g2bddz5bhvdfd00000gn/T//cc5a8nZz.s 			page 7


DEFINED SYMBOLS
                            *ABS*:0000000000000000 crt1.c
/var/folders/km/q6jdms0143g2bddz5bhvdfd00000gn/T//cc5a8nZz.s:18     .text.__early_init:0000000000000000 $t
/var/folders/km/q6jdms0143g2bddz5bhvdfd00000gn/T//cc5a8nZz.s:26     .text.__early_init:0000000000000000 __early_init
/var/folders/km/q6jdms0143g2bddz5bhvdfd00000gn/T//cc5a8nZz.s:40     .text.__late_init:0000000000000000 $t
/var/folders/km/q6jdms0143g2bddz5bhvdfd00000gn/T//cc5a8nZz.s:48     .text.__late_init:0000000000000000 __late_init
/var/folders/km/q6jdms0143g2bddz5bhvdfd00000gn/T//cc5a8nZz.s:59     .text.__default_exit:0000000000000000 $t
/var/folders/km/q6jdms0143g2bddz5bhvdfd00000gn/T//cc5a8nZz.s:67     .text.__default_exit:0000000000000000 __default_exit

NO UNDEFINED SYMBOLS
