ARM GAS  /var/folders/km/q6jdms0143g2bddz5bhvdfd00000gn/T//ccuVR0Tp.s 			page 1


   1              		.cpu cortex-m4
   2              		.eabi_attribute 27, 1
   3              		.eabi_attribute 28, 1
   4              		.eabi_attribute 20, 1
   5              		.eabi_attribute 21, 1
   6              		.eabi_attribute 23, 3
   7              		.eabi_attribute 24, 1
   8              		.eabi_attribute 25, 1
   9              		.eabi_attribute 26, 1
  10              		.eabi_attribute 30, 2
  11              		.eabi_attribute 34, 1
  12              		.eabi_attribute 18, 4
  13              		.file	"vectors.c"
  14              		.text
  15              	.Ltext0:
  16              		.cfi_sections	.debug_frame
  17              		.section	.text._unhandled_exception,"ax",%progbits
  18              		.align	1
  19              		.p2align 4,,15
  20              		.global	_unhandled_exception
  21              		.syntax unified
  22              		.thumb
  23              		.thumb_func
  24              		.fpu fpv4-sp-d16
  25              		.type	_unhandled_exception, %function
  26              	_unhandled_exception:
  27              	.LFB112:
  28              		.file 1 "../../lib/ChibiOS/os/common/ports/ARMCMx/compilers/GCC/vectors.c"
  29              		.loc 1 79 0
  30              		.cfi_startproc
  31              		@ Volatile: function does not return.
  32              		@ args = 0, pretend = 0, frame = 0
  33              		@ frame_needed = 0, uses_anonymous_args = 0
  34 0000 08B5     		push	{r3, lr}
  35              		.cfi_def_cfa_offset 8
  36              		.cfi_offset 3, -8
  37              		.cfi_offset 14, -4
  38              		.loc 1 82 0
  39 0002 0248     		ldr	r0, .L5
  40 0004 FFF7FEFF 		bl	chSysHalt
  41              	.LVL0:
  42              	.L2:
  43 0008 FEE7     		b	.L2
  44              	.L6:
  45 000a 00BF     		.align	2
  46              	.L5:
  47 000c 00000000 		.word	.LC0
  48              		.cfi_endproc
  49              	.LFE112:
  50              		.size	_unhandled_exception, .-_unhandled_exception
  51              		.weak	Vector1BC
  52              		.thumb_set Vector1BC,_unhandled_exception
  53              		.weak	Vector1B8
  54              		.thumb_set Vector1B8,_unhandled_exception
  55              		.weak	Vector1B4
  56              		.thumb_set Vector1B4,_unhandled_exception
  57              		.weak	Vector1B0
ARM GAS  /var/folders/km/q6jdms0143g2bddz5bhvdfd00000gn/T//ccuVR0Tp.s 			page 2


  58              		.thumb_set Vector1B0,_unhandled_exception
  59              		.weak	Vector1AC
  60              		.thumb_set Vector1AC,_unhandled_exception
  61              		.weak	Vector1A8
  62              		.thumb_set Vector1A8,_unhandled_exception
  63              		.weak	Vector1A4
  64              		.thumb_set Vector1A4,_unhandled_exception
  65              		.weak	Vector1A0
  66              		.thumb_set Vector1A0,_unhandled_exception
  67              		.weak	Vector19C
  68              		.thumb_set Vector19C,_unhandled_exception
  69              		.weak	Vector198
  70              		.thumb_set Vector198,_unhandled_exception
  71              		.weak	Vector194
  72              		.thumb_set Vector194,_unhandled_exception
  73              		.weak	Vector190
  74              		.thumb_set Vector190,_unhandled_exception
  75              		.weak	Vector18C
  76              		.thumb_set Vector18C,_unhandled_exception
  77              		.weak	Vector188
  78              		.thumb_set Vector188,_unhandled_exception
  79              		.weak	Vector184
  80              		.thumb_set Vector184,_unhandled_exception
  81              		.weak	Vector180
  82              		.thumb_set Vector180,_unhandled_exception
  83              		.weak	Vector17C
  84              		.thumb_set Vector17C,_unhandled_exception
  85              		.weak	Vector178
  86              		.thumb_set Vector178,_unhandled_exception
  87              		.weak	Vector174
  88              		.thumb_set Vector174,_unhandled_exception
  89              		.weak	Vector170
  90              		.thumb_set Vector170,_unhandled_exception
  91              		.weak	Vector16C
  92              		.thumb_set Vector16C,_unhandled_exception
  93              		.weak	Vector168
  94              		.thumb_set Vector168,_unhandled_exception
  95              		.weak	Vector164
  96              		.thumb_set Vector164,_unhandled_exception
  97              		.weak	Vector160
  98              		.thumb_set Vector160,_unhandled_exception
  99              		.weak	Vector15C
 100              		.thumb_set Vector15C,_unhandled_exception
 101              		.weak	Vector158
 102              		.thumb_set Vector158,_unhandled_exception
 103              		.weak	Vector154
 104              		.thumb_set Vector154,_unhandled_exception
 105              		.weak	Vector150
 106              		.thumb_set Vector150,_unhandled_exception
 107              		.weak	Vector14C
 108              		.thumb_set Vector14C,_unhandled_exception
 109              		.weak	Vector148
 110              		.thumb_set Vector148,_unhandled_exception
 111              		.weak	Vector144
 112              		.thumb_set Vector144,_unhandled_exception
 113              		.weak	Vector140
 114              		.thumb_set Vector140,_unhandled_exception
ARM GAS  /var/folders/km/q6jdms0143g2bddz5bhvdfd00000gn/T//ccuVR0Tp.s 			page 3


 115              		.weak	Vector13C
 116              		.thumb_set Vector13C,_unhandled_exception
 117              		.weak	Vector138
 118              		.thumb_set Vector138,_unhandled_exception
 119              		.weak	Vector134
 120              		.thumb_set Vector134,_unhandled_exception
 121              		.weak	Vector130
 122              		.thumb_set Vector130,_unhandled_exception
 123              		.weak	Vector12C
 124              		.thumb_set Vector12C,_unhandled_exception
 125              		.weak	Vector128
 126              		.thumb_set Vector128,_unhandled_exception
 127              		.weak	Vector124
 128              		.thumb_set Vector124,_unhandled_exception
 129              		.weak	Vector120
 130              		.thumb_set Vector120,_unhandled_exception
 131              		.weak	Vector11C
 132              		.thumb_set Vector11C,_unhandled_exception
 133              		.weak	Vector118
 134              		.thumb_set Vector118,_unhandled_exception
 135              		.weak	Vector114
 136              		.thumb_set Vector114,_unhandled_exception
 137              		.weak	Vector110
 138              		.thumb_set Vector110,_unhandled_exception
 139              		.weak	Vector10C
 140              		.thumb_set Vector10C,_unhandled_exception
 141              		.weak	Vector108
 142              		.thumb_set Vector108,_unhandled_exception
 143              		.weak	Vector104
 144              		.thumb_set Vector104,_unhandled_exception
 145              		.weak	Vector100
 146              		.thumb_set Vector100,_unhandled_exception
 147              		.weak	VectorFC
 148              		.thumb_set VectorFC,_unhandled_exception
 149              		.weak	VectorF8
 150              		.thumb_set VectorF8,_unhandled_exception
 151              		.weak	VectorF4
 152              		.thumb_set VectorF4,_unhandled_exception
 153              		.weak	VectorF0
 154              		.thumb_set VectorF0,_unhandled_exception
 155              		.weak	VectorEC
 156              		.thumb_set VectorEC,_unhandled_exception
 157              		.weak	VectorE8
 158              		.thumb_set VectorE8,_unhandled_exception
 159              		.weak	VectorE4
 160              		.thumb_set VectorE4,_unhandled_exception
 161              		.weak	VectorE0
 162              		.thumb_set VectorE0,_unhandled_exception
 163              		.weak	VectorDC
 164              		.thumb_set VectorDC,_unhandled_exception
 165              		.weak	VectorD8
 166              		.thumb_set VectorD8,_unhandled_exception
 167              		.weak	VectorD4
 168              		.thumb_set VectorD4,_unhandled_exception
 169              		.weak	VectorD0
 170              		.thumb_set VectorD0,_unhandled_exception
 171              		.weak	VectorCC
ARM GAS  /var/folders/km/q6jdms0143g2bddz5bhvdfd00000gn/T//ccuVR0Tp.s 			page 4


 172              		.thumb_set VectorCC,_unhandled_exception
 173              		.weak	VectorC8
 174              		.thumb_set VectorC8,_unhandled_exception
 175              		.weak	VectorC4
 176              		.thumb_set VectorC4,_unhandled_exception
 177              		.weak	VectorC0
 178              		.thumb_set VectorC0,_unhandled_exception
 179              		.weak	VectorBC
 180              		.thumb_set VectorBC,_unhandled_exception
 181              		.weak	VectorB8
 182              		.thumb_set VectorB8,_unhandled_exception
 183              		.weak	VectorB4
 184              		.thumb_set VectorB4,_unhandled_exception
 185              		.weak	VectorB0
 186              		.thumb_set VectorB0,_unhandled_exception
 187              		.weak	VectorAC
 188              		.thumb_set VectorAC,_unhandled_exception
 189              		.weak	VectorA8
 190              		.thumb_set VectorA8,_unhandled_exception
 191              		.weak	VectorA4
 192              		.thumb_set VectorA4,_unhandled_exception
 193              		.weak	VectorA0
 194              		.thumb_set VectorA0,_unhandled_exception
 195              		.weak	Vector9C
 196              		.thumb_set Vector9C,_unhandled_exception
 197              		.weak	Vector98
 198              		.thumb_set Vector98,_unhandled_exception
 199              		.weak	Vector94
 200              		.thumb_set Vector94,_unhandled_exception
 201              		.weak	Vector90
 202              		.thumb_set Vector90,_unhandled_exception
 203              		.weak	Vector8C
 204              		.thumb_set Vector8C,_unhandled_exception
 205              		.weak	Vector88
 206              		.thumb_set Vector88,_unhandled_exception
 207              		.weak	Vector84
 208              		.thumb_set Vector84,_unhandled_exception
 209              		.weak	Vector80
 210              		.thumb_set Vector80,_unhandled_exception
 211              		.weak	Vector7C
 212              		.thumb_set Vector7C,_unhandled_exception
 213              		.weak	Vector78
 214              		.thumb_set Vector78,_unhandled_exception
 215              		.weak	Vector74
 216              		.thumb_set Vector74,_unhandled_exception
 217              		.weak	Vector70
 218              		.thumb_set Vector70,_unhandled_exception
 219              		.weak	Vector6C
 220              		.thumb_set Vector6C,_unhandled_exception
 221              		.weak	Vector68
 222              		.thumb_set Vector68,_unhandled_exception
 223              		.weak	Vector64
 224              		.thumb_set Vector64,_unhandled_exception
 225              		.weak	Vector60
 226              		.thumb_set Vector60,_unhandled_exception
 227              		.weak	Vector5C
 228              		.thumb_set Vector5C,_unhandled_exception
ARM GAS  /var/folders/km/q6jdms0143g2bddz5bhvdfd00000gn/T//ccuVR0Tp.s 			page 5


 229              		.weak	Vector58
 230              		.thumb_set Vector58,_unhandled_exception
 231              		.weak	Vector54
 232              		.thumb_set Vector54,_unhandled_exception
 233              		.weak	Vector50
 234              		.thumb_set Vector50,_unhandled_exception
 235              		.weak	Vector4C
 236              		.thumb_set Vector4C,_unhandled_exception
 237              		.weak	Vector48
 238              		.thumb_set Vector48,_unhandled_exception
 239              		.weak	Vector44
 240              		.thumb_set Vector44,_unhandled_exception
 241              		.weak	Vector40
 242              		.thumb_set Vector40,_unhandled_exception
 243              		.weak	SysTick_Handler
 244              		.thumb_set SysTick_Handler,_unhandled_exception
 245              		.weak	PendSV_Handler
 246              		.thumb_set PendSV_Handler,_unhandled_exception
 247              		.weak	Vector34
 248              		.thumb_set Vector34,_unhandled_exception
 249              		.weak	DebugMon_Handler
 250              		.thumb_set DebugMon_Handler,_unhandled_exception
 251              		.weak	SVC_Handler
 252              		.thumb_set SVC_Handler,_unhandled_exception
 253              		.weak	Vector28
 254              		.thumb_set Vector28,_unhandled_exception
 255              		.weak	Vector24
 256              		.thumb_set Vector24,_unhandled_exception
 257              		.weak	Vector20
 258              		.thumb_set Vector20,_unhandled_exception
 259              		.weak	Vector1C
 260              		.thumb_set Vector1C,_unhandled_exception
 261              		.weak	UsageFault_Handler
 262              		.thumb_set UsageFault_Handler,_unhandled_exception
 263              		.weak	BusFault_Handler
 264              		.thumb_set BusFault_Handler,_unhandled_exception
 265              		.weak	MemManage_Handler
 266              		.thumb_set MemManage_Handler,_unhandled_exception
 267              		.weak	HardFault_Handler
 268              		.thumb_set HardFault_Handler,_unhandled_exception
 269              		.weak	NMI_Handler
 270              		.thumb_set NMI_Handler,_unhandled_exception
 271              		.weak	Reset_Handler
 272              		.thumb_set Reset_Handler,_unhandled_exception
 273              		.global	_vectors
 274              		.section	.rodata._unhandled_exception.str1.4,"aMS",%progbits,1
 275              		.align	2
 276              	.LC0:
 277 0000 756E6861 		.ascii	"unhandled exception\000"
 277      6E646C65 
 277      64206578 
 277      63657074 
 277      696F6E00 
 278              		.section	.vectors,"aw",%progbits
 279              		.align	2
 280              		.type	_vectors, %object
 281              		.size	_vectors, 448
ARM GAS  /var/folders/km/q6jdms0143g2bddz5bhvdfd00000gn/T//ccuVR0Tp.s 			page 6


 282              	_vectors:
 283 0000 00000000 		.word	__main_stack_end__
 284 0004 00000000 		.word	Reset_Handler
 285 0008 00000000 		.word	NMI_Handler
 286 000c 00000000 		.word	HardFault_Handler
 287 0010 00000000 		.word	MemManage_Handler
 288 0014 00000000 		.word	BusFault_Handler
 289 0018 00000000 		.word	UsageFault_Handler
 290 001c 00000000 		.word	Vector1C
 291 0020 00000000 		.word	Vector20
 292 0024 00000000 		.word	Vector24
 293 0028 00000000 		.word	Vector28
 294 002c 00000000 		.word	SVC_Handler
 295 0030 00000000 		.word	DebugMon_Handler
 296 0034 00000000 		.word	Vector34
 297 0038 00000000 		.word	PendSV_Handler
 298 003c 00000000 		.word	SysTick_Handler
 299 0040 00000000 		.word	Vector40
 300 0044 00000000 		.word	Vector44
 301 0048 00000000 		.word	Vector48
 302 004c 00000000 		.word	Vector4C
 303 0050 00000000 		.word	Vector50
 304 0054 00000000 		.word	Vector54
 305 0058 00000000 		.word	Vector58
 306 005c 00000000 		.word	Vector5C
 307 0060 00000000 		.word	Vector60
 308 0064 00000000 		.word	Vector64
 309 0068 00000000 		.word	Vector68
 310 006c 00000000 		.word	Vector6C
 311 0070 00000000 		.word	Vector70
 312 0074 00000000 		.word	Vector74
 313 0078 00000000 		.word	Vector78
 314 007c 00000000 		.word	Vector7C
 315 0080 00000000 		.word	Vector80
 316 0084 00000000 		.word	Vector84
 317 0088 00000000 		.word	Vector88
 318 008c 00000000 		.word	Vector8C
 319 0090 00000000 		.word	Vector90
 320 0094 00000000 		.word	Vector94
 321 0098 00000000 		.word	Vector98
 322 009c 00000000 		.word	Vector9C
 323 00a0 00000000 		.word	VectorA0
 324 00a4 00000000 		.word	VectorA4
 325 00a8 00000000 		.word	VectorA8
 326 00ac 00000000 		.word	VectorAC
 327 00b0 00000000 		.word	VectorB0
 328 00b4 00000000 		.word	VectorB4
 329 00b8 00000000 		.word	VectorB8
 330 00bc 00000000 		.word	VectorBC
 331 00c0 00000000 		.word	VectorC0
 332 00c4 00000000 		.word	VectorC4
 333 00c8 00000000 		.word	VectorC8
 334 00cc 00000000 		.word	VectorCC
 335 00d0 00000000 		.word	VectorD0
 336 00d4 00000000 		.word	VectorD4
 337 00d8 00000000 		.word	VectorD8
 338 00dc 00000000 		.word	VectorDC
ARM GAS  /var/folders/km/q6jdms0143g2bddz5bhvdfd00000gn/T//ccuVR0Tp.s 			page 7


 339 00e0 00000000 		.word	VectorE0
 340 00e4 00000000 		.word	VectorE4
 341 00e8 00000000 		.word	VectorE8
 342 00ec 00000000 		.word	VectorEC
 343 00f0 00000000 		.word	VectorF0
 344 00f4 00000000 		.word	VectorF4
 345 00f8 00000000 		.word	VectorF8
 346 00fc 00000000 		.word	VectorFC
 347 0100 00000000 		.word	Vector100
 348 0104 00000000 		.word	Vector104
 349 0108 00000000 		.word	Vector108
 350 010c 00000000 		.word	Vector10C
 351 0110 00000000 		.word	Vector110
 352 0114 00000000 		.word	Vector114
 353 0118 00000000 		.word	Vector118
 354 011c 00000000 		.word	Vector11C
 355 0120 00000000 		.word	Vector120
 356 0124 00000000 		.word	Vector124
 357 0128 00000000 		.word	Vector128
 358 012c 00000000 		.word	Vector12C
 359 0130 00000000 		.word	Vector130
 360 0134 00000000 		.word	Vector134
 361 0138 00000000 		.word	Vector138
 362 013c 00000000 		.word	Vector13C
 363 0140 00000000 		.word	Vector140
 364 0144 00000000 		.word	Vector144
 365 0148 00000000 		.word	Vector148
 366 014c 00000000 		.word	Vector14C
 367 0150 00000000 		.word	Vector150
 368 0154 00000000 		.word	Vector154
 369 0158 00000000 		.word	Vector158
 370 015c 00000000 		.word	Vector15C
 371 0160 00000000 		.word	Vector160
 372 0164 00000000 		.word	Vector164
 373 0168 00000000 		.word	Vector168
 374 016c 00000000 		.word	Vector16C
 375 0170 00000000 		.word	Vector170
 376 0174 00000000 		.word	Vector174
 377 0178 00000000 		.word	Vector178
 378 017c 00000000 		.word	Vector17C
 379 0180 00000000 		.word	Vector180
 380 0184 00000000 		.word	Vector184
 381 0188 00000000 		.word	Vector188
 382 018c 00000000 		.word	Vector18C
 383 0190 00000000 		.word	Vector190
 384 0194 00000000 		.word	Vector194
 385 0198 00000000 		.word	Vector198
 386 019c 00000000 		.word	Vector19C
 387 01a0 00000000 		.word	Vector1A0
 388 01a4 00000000 		.word	Vector1A4
 389 01a8 00000000 		.word	Vector1A8
 390 01ac 00000000 		.word	Vector1AC
 391 01b0 00000000 		.word	Vector1B0
 392 01b4 00000000 		.word	Vector1B4
 393 01b8 00000000 		.word	Vector1B8
 394 01bc 00000000 		.word	Vector1BC
 395              		.text
ARM GAS  /var/folders/km/q6jdms0143g2bddz5bhvdfd00000gn/T//ccuVR0Tp.s 			page 8


 396              	.Letext0:
 397              		.file 2 "/Applications/Eclipse_e-puck2.app/Contents/Eclipse_e-puck2/Tools/gcc-arm-none-eabi-7-2017
 398              		.file 3 "/Applications/Eclipse_e-puck2.app/Contents/Eclipse_e-puck2/Tools/gcc-arm-none-eabi-7-2017
 399              		.file 4 "../../lib/ChibiOS/os/ext/CMSIS/include/core_cm4.h"
 400              		.file 5 "../../lib/ChibiOS/os/ext/CMSIS/ST/system_stm32f4xx.h"
 401              		.section	.debug_info,"",%progbits
 402              	.Ldebug_info0:
 403 0000 0A020000 		.4byte	0x20a
 404 0004 0400     		.2byte	0x4
 405 0006 00000000 		.4byte	.Ldebug_abbrev0
 406 000a 04       		.byte	0x4
 407 000b 01       		.uleb128 0x1
 408 000c 99000000 		.4byte	.LASF36
 409 0010 0C       		.byte	0xc
 410 0011 2D030000 		.4byte	.LASF37
 411 0015 86020000 		.4byte	.LASF38
 412 0019 00000000 		.4byte	.Ldebug_ranges0+0
 413 001d 00000000 		.4byte	0
 414 0021 00000000 		.4byte	.Ldebug_line0
 415 0025 02       		.uleb128 0x2
 416 0026 01       		.byte	0x1
 417 0027 06       		.byte	0x6
 418 0028 9C030000 		.4byte	.LASF0
 419 002c 02       		.uleb128 0x2
 420 002d 01       		.byte	0x1
 421 002e 08       		.byte	0x8
 422 002f 8B000000 		.4byte	.LASF1
 423 0033 02       		.uleb128 0x2
 424 0034 02       		.byte	0x2
 425 0035 05       		.byte	0x5
 426 0036 23030000 		.4byte	.LASF2
 427 003a 02       		.uleb128 0x2
 428 003b 02       		.byte	0x2
 429 003c 07       		.byte	0x7
 430 003d 50000000 		.4byte	.LASF3
 431 0041 03       		.uleb128 0x3
 432 0042 36000000 		.4byte	.LASF5
 433 0046 02       		.byte	0x2
 434 0047 4D       		.byte	0x4d
 435 0048 4C000000 		.4byte	0x4c
 436 004c 02       		.uleb128 0x2
 437 004d 04       		.byte	0x4
 438 004e 05       		.byte	0x5
 439 004f 77030000 		.4byte	.LASF4
 440 0053 03       		.uleb128 0x3
 441 0054 F8010000 		.4byte	.LASF6
 442 0058 02       		.byte	0x2
 443 0059 4F       		.byte	0x4f
 444 005a 5E000000 		.4byte	0x5e
 445 005e 02       		.uleb128 0x2
 446 005f 04       		.byte	0x4
 447 0060 07       		.byte	0x7
 448 0061 B2010000 		.4byte	.LASF7
 449 0065 02       		.uleb128 0x2
 450 0066 08       		.byte	0x8
 451 0067 05       		.byte	0x5
 452 0068 78020000 		.4byte	.LASF8
ARM GAS  /var/folders/km/q6jdms0143g2bddz5bhvdfd00000gn/T//ccuVR0Tp.s 			page 9


 453 006c 02       		.uleb128 0x2
 454 006d 08       		.byte	0x8
 455 006e 07       		.byte	0x7
 456 006f 25020000 		.4byte	.LASF9
 457 0073 04       		.uleb128 0x4
 458 0074 04       		.byte	0x4
 459 0075 05       		.byte	0x5
 460 0076 696E7400 		.ascii	"int\000"
 461 007a 02       		.uleb128 0x2
 462 007b 04       		.byte	0x4
 463 007c 07       		.byte	0x7
 464 007d 0F020000 		.4byte	.LASF10
 465 0081 03       		.uleb128 0x3
 466 0082 6E000000 		.4byte	.LASF11
 467 0086 03       		.byte	0x3
 468 0087 2C       		.byte	0x2c
 469 0088 41000000 		.4byte	0x41
 470 008c 05       		.uleb128 0x5
 471 008d 81000000 		.4byte	0x81
 472 0091 03       		.uleb128 0x3
 473 0092 6E030000 		.4byte	.LASF12
 474 0096 03       		.byte	0x3
 475 0097 30       		.byte	0x30
 476 0098 53000000 		.4byte	0x53
 477 009c 06       		.uleb128 0x6
 478 009d D0010000 		.4byte	.LASF13
 479 00a1 04       		.byte	0x4
 480 00a2 A706     		.2byte	0x6a7
 481 00a4 8C000000 		.4byte	0x8c
 482 00a8 07       		.uleb128 0x7
 483 00a9 F6020000 		.4byte	.LASF14
 484 00ad 05       		.byte	0x5
 485 00ae 4C       		.byte	0x4c
 486 00af 91000000 		.4byte	0x91
 487 00b3 03       		.uleb128 0x3
 488 00b4 11000000 		.4byte	.LASF15
 489 00b8 01       		.byte	0x1
 490 00b9 2C       		.byte	0x2c
 491 00ba BE000000 		.4byte	0xbe
 492 00be 08       		.uleb128 0x8
 493 00bf 04       		.byte	0x4
 494 00c0 C4000000 		.4byte	0xc4
 495 00c4 09       		.uleb128 0x9
 496 00c5 0A       		.uleb128 0xa
 497 00c6 C001     		.2byte	0x1c0
 498 00c8 01       		.byte	0x1
 499 00c9 31       		.byte	0x31
 500 00ca 9B010000 		.4byte	0x19b
 501 00ce 0B       		.uleb128 0xb
 502 00cf 63000000 		.4byte	.LASF16
 503 00d3 01       		.byte	0x1
 504 00d4 32       		.byte	0x32
 505 00d5 9B010000 		.4byte	0x19b
 506 00d9 00       		.byte	0
 507 00da 0B       		.uleb128 0xb
 508 00db 57020000 		.4byte	.LASF17
 509 00df 01       		.byte	0x1
ARM GAS  /var/folders/km/q6jdms0143g2bddz5bhvdfd00000gn/T//ccuVR0Tp.s 			page 10


 510 00e0 33       		.byte	0x33
 511 00e1 B3000000 		.4byte	0xb3
 512 00e5 04       		.byte	0x4
 513 00e6 0B       		.uleb128 0xb
 514 00e7 03020000 		.4byte	.LASF18
 515 00eb 01       		.byte	0x1
 516 00ec 34       		.byte	0x34
 517 00ed B3000000 		.4byte	0xb3
 518 00f1 08       		.byte	0x8
 519 00f2 0B       		.uleb128 0xb
 520 00f3 E6010000 		.4byte	.LASF19
 521 00f7 01       		.byte	0x1
 522 00f8 35       		.byte	0x35
 523 00f9 B3000000 		.4byte	0xb3
 524 00fd 0C       		.byte	0xc
 525 00fe 0B       		.uleb128 0xb
 526 00ff 8A030000 		.4byte	.LASF20
 527 0103 01       		.byte	0x1
 528 0104 36       		.byte	0x36
 529 0105 B3000000 		.4byte	0xb3
 530 0109 10       		.byte	0x10
 531 010a 0B       		.uleb128 0xb
 532 010b 00000000 		.4byte	.LASF21
 533 010f 01       		.byte	0x1
 534 0110 37       		.byte	0x37
 535 0111 B3000000 		.4byte	0xb3
 536 0115 14       		.byte	0x14
 537 0116 0B       		.uleb128 0xb
 538 0117 65020000 		.4byte	.LASF22
 539 011b 01       		.byte	0x1
 540 011c 38       		.byte	0x38
 541 011d B3000000 		.4byte	0xb3
 542 0121 18       		.byte	0x18
 543 0122 0B       		.uleb128 0xb
 544 0123 DD010000 		.4byte	.LASF23
 545 0127 01       		.byte	0x1
 546 0128 39       		.byte	0x39
 547 0129 B3000000 		.4byte	0xb3
 548 012d 1C       		.byte	0x1c
 549 012e 0B       		.uleb128 0xb
 550 012f 1C020000 		.4byte	.LASF24
 551 0133 01       		.byte	0x1
 552 0134 3A       		.byte	0x3a
 553 0135 B3000000 		.4byte	0xb3
 554 0139 20       		.byte	0x20
 555 013a 0B       		.uleb128 0xb
 556 013b 3C020000 		.4byte	.LASF25
 557 013f 01       		.byte	0x1
 558 0140 3B       		.byte	0x3b
 559 0141 B3000000 		.4byte	0xb3
 560 0145 24       		.byte	0x24
 561 0146 0B       		.uleb128 0xb
 562 0147 45020000 		.4byte	.LASF26
 563 014b 01       		.byte	0x1
 564 014c 3C       		.byte	0x3c
 565 014d B3000000 		.4byte	0xb3
 566 0151 28       		.byte	0x28
ARM GAS  /var/folders/km/q6jdms0143g2bddz5bhvdfd00000gn/T//ccuVR0Tp.s 			page 11


 567 0152 0B       		.uleb128 0xb
 568 0153 C4010000 		.4byte	.LASF27
 569 0157 01       		.byte	0x1
 570 0158 3D       		.byte	0x3d
 571 0159 B3000000 		.4byte	0xb3
 572 015d 2C       		.byte	0x2c
 573 015e 0B       		.uleb128 0xb
 574 015f 76000000 		.4byte	.LASF28
 575 0163 01       		.byte	0x1
 576 0164 3E       		.byte	0x3e
 577 0165 B3000000 		.4byte	0xb3
 578 0169 30       		.byte	0x30
 579 016a 0B       		.uleb128 0xb
 580 016b 1E000000 		.4byte	.LASF29
 581 016f 01       		.byte	0x1
 582 0170 3F       		.byte	0x3f
 583 0171 B3000000 		.4byte	0xb3
 584 0175 34       		.byte	0x34
 585 0176 0B       		.uleb128 0xb
 586 0177 27000000 		.4byte	.LASF30
 587 017b 01       		.byte	0x1
 588 017c 40       		.byte	0x40
 589 017d B3000000 		.4byte	0xb3
 590 0181 38       		.byte	0x38
 591 0182 0B       		.uleb128 0xb
 592 0183 40000000 		.4byte	.LASF31
 593 0187 01       		.byte	0x1
 594 0188 41       		.byte	0x41
 595 0189 B3000000 		.4byte	0xb3
 596 018d 3C       		.byte	0x3c
 597 018e 0B       		.uleb128 0xb
 598 018f 1B030000 		.4byte	.LASF32
 599 0193 01       		.byte	0x1
 600 0194 42       		.byte	0x42
 601 0195 A1010000 		.4byte	0x1a1
 602 0199 40       		.byte	0x40
 603 019a 00       		.byte	0
 604 019b 08       		.uleb128 0x8
 605 019c 04       		.byte	0x4
 606 019d 91000000 		.4byte	0x91
 607 01a1 0C       		.uleb128 0xc
 608 01a2 B3000000 		.4byte	0xb3
 609 01a6 B1010000 		.4byte	0x1b1
 610 01aa 0D       		.uleb128 0xd
 611 01ab 7A000000 		.4byte	0x7a
 612 01af 5F       		.byte	0x5f
 613 01b0 00       		.byte	0
 614 01b1 03       		.uleb128 0x3
 615 01b2 A8030000 		.4byte	.LASF33
 616 01b6 01       		.byte	0x1
 617 01b7 43       		.byte	0x43
 618 01b8 C5000000 		.4byte	0xc5
 619 01bc 07       		.uleb128 0x7
 620 01bd B2030000 		.4byte	.LASF34
 621 01c1 01       		.byte	0x1
 622 01c2 58       		.byte	0x58
 623 01c3 91000000 		.4byte	0x91
ARM GAS  /var/folders/km/q6jdms0143g2bddz5bhvdfd00000gn/T//ccuVR0Tp.s 			page 12


 624 01c7 0E       		.uleb128 0xe
 625 01c8 4E020000 		.4byte	.LASF35
 626 01cc 01       		.byte	0x1
 627 01cd D701     		.2byte	0x1d7
 628 01cf B1010000 		.4byte	0x1b1
 629 01d3 05       		.uleb128 0x5
 630 01d4 03       		.byte	0x3
 631 01d5 00000000 		.4byte	_vectors
 632 01d9 0F       		.uleb128 0xf
 633 01da 06030000 		.4byte	.LASF39
 634 01de 01       		.byte	0x1
 635 01df 4F       		.byte	0x4f
 636 01e0 00000000 		.4byte	.LFB112
 637 01e4 10000000 		.4byte	.LFE112-.LFB112
 638 01e8 01       		.uleb128 0x1
 639 01e9 9C       		.byte	0x9c
 640 01ea 02020000 		.4byte	0x202
 641 01ee 10       		.uleb128 0x10
 642 01ef 08000000 		.4byte	.LVL0
 643 01f3 02020000 		.4byte	0x202
 644 01f7 11       		.uleb128 0x11
 645 01f8 01       		.uleb128 0x1
 646 01f9 50       		.byte	0x50
 647 01fa 05       		.uleb128 0x5
 648 01fb 03       		.byte	0x3
 649 01fc 00000000 		.4byte	.LC0
 650 0200 00       		.byte	0
 651 0201 00       		.byte	0
 652 0202 12       		.uleb128 0x12
 653 0203 80030000 		.4byte	.LASF40
 654 0207 80030000 		.4byte	.LASF40
 655 020b 01       		.byte	0x1
 656 020c 4C       		.byte	0x4c
 657 020d 00       		.byte	0
 658              		.section	.debug_abbrev,"",%progbits
 659              	.Ldebug_abbrev0:
 660 0000 01       		.uleb128 0x1
 661 0001 11       		.uleb128 0x11
 662 0002 01       		.byte	0x1
 663 0003 25       		.uleb128 0x25
 664 0004 0E       		.uleb128 0xe
 665 0005 13       		.uleb128 0x13
 666 0006 0B       		.uleb128 0xb
 667 0007 03       		.uleb128 0x3
 668 0008 0E       		.uleb128 0xe
 669 0009 1B       		.uleb128 0x1b
 670 000a 0E       		.uleb128 0xe
 671 000b 55       		.uleb128 0x55
 672 000c 17       		.uleb128 0x17
 673 000d 11       		.uleb128 0x11
 674 000e 01       		.uleb128 0x1
 675 000f 10       		.uleb128 0x10
 676 0010 17       		.uleb128 0x17
 677 0011 00       		.byte	0
 678 0012 00       		.byte	0
 679 0013 02       		.uleb128 0x2
 680 0014 24       		.uleb128 0x24
ARM GAS  /var/folders/km/q6jdms0143g2bddz5bhvdfd00000gn/T//ccuVR0Tp.s 			page 13


 681 0015 00       		.byte	0
 682 0016 0B       		.uleb128 0xb
 683 0017 0B       		.uleb128 0xb
 684 0018 3E       		.uleb128 0x3e
 685 0019 0B       		.uleb128 0xb
 686 001a 03       		.uleb128 0x3
 687 001b 0E       		.uleb128 0xe
 688 001c 00       		.byte	0
 689 001d 00       		.byte	0
 690 001e 03       		.uleb128 0x3
 691 001f 16       		.uleb128 0x16
 692 0020 00       		.byte	0
 693 0021 03       		.uleb128 0x3
 694 0022 0E       		.uleb128 0xe
 695 0023 3A       		.uleb128 0x3a
 696 0024 0B       		.uleb128 0xb
 697 0025 3B       		.uleb128 0x3b
 698 0026 0B       		.uleb128 0xb
 699 0027 49       		.uleb128 0x49
 700 0028 13       		.uleb128 0x13
 701 0029 00       		.byte	0
 702 002a 00       		.byte	0
 703 002b 04       		.uleb128 0x4
 704 002c 24       		.uleb128 0x24
 705 002d 00       		.byte	0
 706 002e 0B       		.uleb128 0xb
 707 002f 0B       		.uleb128 0xb
 708 0030 3E       		.uleb128 0x3e
 709 0031 0B       		.uleb128 0xb
 710 0032 03       		.uleb128 0x3
 711 0033 08       		.uleb128 0x8
 712 0034 00       		.byte	0
 713 0035 00       		.byte	0
 714 0036 05       		.uleb128 0x5
 715 0037 35       		.uleb128 0x35
 716 0038 00       		.byte	0
 717 0039 49       		.uleb128 0x49
 718 003a 13       		.uleb128 0x13
 719 003b 00       		.byte	0
 720 003c 00       		.byte	0
 721 003d 06       		.uleb128 0x6
 722 003e 34       		.uleb128 0x34
 723 003f 00       		.byte	0
 724 0040 03       		.uleb128 0x3
 725 0041 0E       		.uleb128 0xe
 726 0042 3A       		.uleb128 0x3a
 727 0043 0B       		.uleb128 0xb
 728 0044 3B       		.uleb128 0x3b
 729 0045 05       		.uleb128 0x5
 730 0046 49       		.uleb128 0x49
 731 0047 13       		.uleb128 0x13
 732 0048 3F       		.uleb128 0x3f
 733 0049 19       		.uleb128 0x19
 734 004a 3C       		.uleb128 0x3c
 735 004b 19       		.uleb128 0x19
 736 004c 00       		.byte	0
 737 004d 00       		.byte	0
ARM GAS  /var/folders/km/q6jdms0143g2bddz5bhvdfd00000gn/T//ccuVR0Tp.s 			page 14


 738 004e 07       		.uleb128 0x7
 739 004f 34       		.uleb128 0x34
 740 0050 00       		.byte	0
 741 0051 03       		.uleb128 0x3
 742 0052 0E       		.uleb128 0xe
 743 0053 3A       		.uleb128 0x3a
 744 0054 0B       		.uleb128 0xb
 745 0055 3B       		.uleb128 0x3b
 746 0056 0B       		.uleb128 0xb
 747 0057 49       		.uleb128 0x49
 748 0058 13       		.uleb128 0x13
 749 0059 3F       		.uleb128 0x3f
 750 005a 19       		.uleb128 0x19
 751 005b 3C       		.uleb128 0x3c
 752 005c 19       		.uleb128 0x19
 753 005d 00       		.byte	0
 754 005e 00       		.byte	0
 755 005f 08       		.uleb128 0x8
 756 0060 0F       		.uleb128 0xf
 757 0061 00       		.byte	0
 758 0062 0B       		.uleb128 0xb
 759 0063 0B       		.uleb128 0xb
 760 0064 49       		.uleb128 0x49
 761 0065 13       		.uleb128 0x13
 762 0066 00       		.byte	0
 763 0067 00       		.byte	0
 764 0068 09       		.uleb128 0x9
 765 0069 15       		.uleb128 0x15
 766 006a 00       		.byte	0
 767 006b 27       		.uleb128 0x27
 768 006c 19       		.uleb128 0x19
 769 006d 00       		.byte	0
 770 006e 00       		.byte	0
 771 006f 0A       		.uleb128 0xa
 772 0070 13       		.uleb128 0x13
 773 0071 01       		.byte	0x1
 774 0072 0B       		.uleb128 0xb
 775 0073 05       		.uleb128 0x5
 776 0074 3A       		.uleb128 0x3a
 777 0075 0B       		.uleb128 0xb
 778 0076 3B       		.uleb128 0x3b
 779 0077 0B       		.uleb128 0xb
 780 0078 01       		.uleb128 0x1
 781 0079 13       		.uleb128 0x13
 782 007a 00       		.byte	0
 783 007b 00       		.byte	0
 784 007c 0B       		.uleb128 0xb
 785 007d 0D       		.uleb128 0xd
 786 007e 00       		.byte	0
 787 007f 03       		.uleb128 0x3
 788 0080 0E       		.uleb128 0xe
 789 0081 3A       		.uleb128 0x3a
 790 0082 0B       		.uleb128 0xb
 791 0083 3B       		.uleb128 0x3b
 792 0084 0B       		.uleb128 0xb
 793 0085 49       		.uleb128 0x49
 794 0086 13       		.uleb128 0x13
ARM GAS  /var/folders/km/q6jdms0143g2bddz5bhvdfd00000gn/T//ccuVR0Tp.s 			page 15


 795 0087 38       		.uleb128 0x38
 796 0088 0B       		.uleb128 0xb
 797 0089 00       		.byte	0
 798 008a 00       		.byte	0
 799 008b 0C       		.uleb128 0xc
 800 008c 01       		.uleb128 0x1
 801 008d 01       		.byte	0x1
 802 008e 49       		.uleb128 0x49
 803 008f 13       		.uleb128 0x13
 804 0090 01       		.uleb128 0x1
 805 0091 13       		.uleb128 0x13
 806 0092 00       		.byte	0
 807 0093 00       		.byte	0
 808 0094 0D       		.uleb128 0xd
 809 0095 21       		.uleb128 0x21
 810 0096 00       		.byte	0
 811 0097 49       		.uleb128 0x49
 812 0098 13       		.uleb128 0x13
 813 0099 2F       		.uleb128 0x2f
 814 009a 0B       		.uleb128 0xb
 815 009b 00       		.byte	0
 816 009c 00       		.byte	0
 817 009d 0E       		.uleb128 0xe
 818 009e 34       		.uleb128 0x34
 819 009f 00       		.byte	0
 820 00a0 03       		.uleb128 0x3
 821 00a1 0E       		.uleb128 0xe
 822 00a2 3A       		.uleb128 0x3a
 823 00a3 0B       		.uleb128 0xb
 824 00a4 3B       		.uleb128 0x3b
 825 00a5 05       		.uleb128 0x5
 826 00a6 49       		.uleb128 0x49
 827 00a7 13       		.uleb128 0x13
 828 00a8 3F       		.uleb128 0x3f
 829 00a9 19       		.uleb128 0x19
 830 00aa 02       		.uleb128 0x2
 831 00ab 18       		.uleb128 0x18
 832 00ac 00       		.byte	0
 833 00ad 00       		.byte	0
 834 00ae 0F       		.uleb128 0xf
 835 00af 2E       		.uleb128 0x2e
 836 00b0 01       		.byte	0x1
 837 00b1 3F       		.uleb128 0x3f
 838 00b2 19       		.uleb128 0x19
 839 00b3 03       		.uleb128 0x3
 840 00b4 0E       		.uleb128 0xe
 841 00b5 3A       		.uleb128 0x3a
 842 00b6 0B       		.uleb128 0xb
 843 00b7 3B       		.uleb128 0x3b
 844 00b8 0B       		.uleb128 0xb
 845 00b9 27       		.uleb128 0x27
 846 00ba 19       		.uleb128 0x19
 847 00bb 11       		.uleb128 0x11
 848 00bc 01       		.uleb128 0x1
 849 00bd 12       		.uleb128 0x12
 850 00be 06       		.uleb128 0x6
 851 00bf 40       		.uleb128 0x40
ARM GAS  /var/folders/km/q6jdms0143g2bddz5bhvdfd00000gn/T//ccuVR0Tp.s 			page 16


 852 00c0 18       		.uleb128 0x18
 853 00c1 9742     		.uleb128 0x2117
 854 00c3 19       		.uleb128 0x19
 855 00c4 01       		.uleb128 0x1
 856 00c5 13       		.uleb128 0x13
 857 00c6 00       		.byte	0
 858 00c7 00       		.byte	0
 859 00c8 10       		.uleb128 0x10
 860 00c9 898201   		.uleb128 0x4109
 861 00cc 01       		.byte	0x1
 862 00cd 11       		.uleb128 0x11
 863 00ce 01       		.uleb128 0x1
 864 00cf 31       		.uleb128 0x31
 865 00d0 13       		.uleb128 0x13
 866 00d1 00       		.byte	0
 867 00d2 00       		.byte	0
 868 00d3 11       		.uleb128 0x11
 869 00d4 8A8201   		.uleb128 0x410a
 870 00d7 00       		.byte	0
 871 00d8 02       		.uleb128 0x2
 872 00d9 18       		.uleb128 0x18
 873 00da 9142     		.uleb128 0x2111
 874 00dc 18       		.uleb128 0x18
 875 00dd 00       		.byte	0
 876 00de 00       		.byte	0
 877 00df 12       		.uleb128 0x12
 878 00e0 2E       		.uleb128 0x2e
 879 00e1 00       		.byte	0
 880 00e2 3F       		.uleb128 0x3f
 881 00e3 19       		.uleb128 0x19
 882 00e4 3C       		.uleb128 0x3c
 883 00e5 19       		.uleb128 0x19
 884 00e6 6E       		.uleb128 0x6e
 885 00e7 0E       		.uleb128 0xe
 886 00e8 03       		.uleb128 0x3
 887 00e9 0E       		.uleb128 0xe
 888 00ea 3A       		.uleb128 0x3a
 889 00eb 0B       		.uleb128 0xb
 890 00ec 3B       		.uleb128 0x3b
 891 00ed 0B       		.uleb128 0xb
 892 00ee 00       		.byte	0
 893 00ef 00       		.byte	0
 894 00f0 00       		.byte	0
 895              		.section	.debug_aranges,"",%progbits
 896 0000 1C000000 		.4byte	0x1c
 897 0004 0200     		.2byte	0x2
 898 0006 00000000 		.4byte	.Ldebug_info0
 899 000a 04       		.byte	0x4
 900 000b 00       		.byte	0
 901 000c 0000     		.2byte	0
 902 000e 0000     		.2byte	0
 903 0010 00000000 		.4byte	.LFB112
 904 0014 10000000 		.4byte	.LFE112-.LFB112
 905 0018 00000000 		.4byte	0
 906 001c 00000000 		.4byte	0
 907              		.section	.debug_ranges,"",%progbits
 908              	.Ldebug_ranges0:
ARM GAS  /var/folders/km/q6jdms0143g2bddz5bhvdfd00000gn/T//ccuVR0Tp.s 			page 17


 909 0000 00000000 		.4byte	.LFB112
 910 0004 10000000 		.4byte	.LFE112
 911 0008 00000000 		.4byte	0
 912 000c 00000000 		.4byte	0
 913              		.section	.debug_line,"",%progbits
 914              	.Ldebug_line0:
 915 0000 FA010000 		.section	.debug_str,"MS",%progbits,1
 915      0200E301 
 915      00000201 
 915      FB0E0D00 
 915      01010101 
 916              	.LASF21:
 917 0000 62757366 		.ascii	"busfault_handler\000"
 917      61756C74 
 917      5F68616E 
 917      646C6572 
 917      00
 918              	.LASF15:
 919 0011 6972715F 		.ascii	"irq_vector_t\000"
 919      76656374 
 919      6F725F74 
 919      00
 920              	.LASF29:
 921 001e 76656374 		.ascii	"vector34\000"
 921      6F723334 
 921      00
 922              	.LASF30:
 923 0027 70656E64 		.ascii	"pendsv_handler\000"
 923      73765F68 
 923      616E646C 
 923      657200
 924              	.LASF5:
 925 0036 5F5F696E 		.ascii	"__int32_t\000"
 925      7433325F 
 925      7400
 926              	.LASF31:
 927 0040 73797374 		.ascii	"systick_handler\000"
 927      69636B5F 
 927      68616E64 
 927      6C657200 
 928              	.LASF3:
 929 0050 73686F72 		.ascii	"short unsigned int\000"
 929      7420756E 
 929      7369676E 
 929      65642069 
 929      6E7400
 930              	.LASF16:
 931 0063 696E6974 		.ascii	"init_stack\000"
 931      5F737461 
 931      636B00
 932              	.LASF11:
 933 006e 696E7433 		.ascii	"int32_t\000"
 933      325F7400 
 934              	.LASF28:
 935 0076 64656275 		.ascii	"debugmonitor_handler\000"
 935      676D6F6E 
 935      69746F72 
ARM GAS  /var/folders/km/q6jdms0143g2bddz5bhvdfd00000gn/T//ccuVR0Tp.s 			page 18


 935      5F68616E 
 935      646C6572 
 936              	.LASF1:
 937 008b 756E7369 		.ascii	"unsigned char\000"
 937      676E6564 
 937      20636861 
 937      7200
 938              	.LASF36:
 939 0099 474E5520 		.ascii	"GNU C11 7.2.1 20170904 (release) [ARM/embedded-7-br"
 939      43313120 
 939      372E322E 
 939      31203230 
 939      31373039 
 940 00cc 616E6368 		.ascii	"anch revision 255204] -mcpu=cortex-m4 -mfloat-abi=h"
 940      20726576 
 940      6973696F 
 940      6E203235 
 940      35323034 
 941 00ff 61726420 		.ascii	"ard -mfpu=fpv4-sp-d16 -mno-thumb-interwork -mthumb "
 941      2D6D6670 
 941      753D6670 
 941      76342D73 
 941      702D6431 
 942 0132 2D676764 		.ascii	"-ggdb -O2 -fomit-frame-pointer -falign-functions=16"
 942      62202D4F 
 942      32202D66 
 942      6F6D6974 
 942      2D667261 
 943 0165 202D6666 		.ascii	" -ffunction-sections -fdata-sections -fno-common -f"
 943      756E6374 
 943      696F6E2D 
 943      73656374 
 943      696F6E73 
 944 0198 73696E67 		.ascii	"single-precision-constant\000"
 944      6C652D70 
 944      72656369 
 944      73696F6E 
 944      2D636F6E 
 945              	.LASF7:
 946 01b2 6C6F6E67 		.ascii	"long unsigned int\000"
 946      20756E73 
 946      69676E65 
 946      6420696E 
 946      7400
 947              	.LASF27:
 948 01c4 7376635F 		.ascii	"svc_handler\000"
 948      68616E64 
 948      6C657200 
 949              	.LASF13:
 950 01d0 49544D5F 		.ascii	"ITM_RxBuffer\000"
 950      52784275 
 950      66666572 
 950      00
 951              	.LASF23:
 952 01dd 76656374 		.ascii	"vector1c\000"
 952      6F723163 
 952      00
ARM GAS  /var/folders/km/q6jdms0143g2bddz5bhvdfd00000gn/T//ccuVR0Tp.s 			page 19


 953              	.LASF19:
 954 01e6 68617264 		.ascii	"hardfault_handler\000"
 954      6661756C 
 954      745F6861 
 954      6E646C65 
 954      7200
 955              	.LASF6:
 956 01f8 5F5F7569 		.ascii	"__uint32_t\000"
 956      6E743332 
 956      5F7400
 957              	.LASF18:
 958 0203 6E6D695F 		.ascii	"nmi_handler\000"
 958      68616E64 
 958      6C657200 
 959              	.LASF10:
 960 020f 756E7369 		.ascii	"unsigned int\000"
 960      676E6564 
 960      20696E74 
 960      00
 961              	.LASF24:
 962 021c 76656374 		.ascii	"vector20\000"
 962      6F723230 
 962      00
 963              	.LASF9:
 964 0225 6C6F6E67 		.ascii	"long long unsigned int\000"
 964      206C6F6E 
 964      6720756E 
 964      7369676E 
 964      65642069 
 965              	.LASF25:
 966 023c 76656374 		.ascii	"vector24\000"
 966      6F723234 
 966      00
 967              	.LASF26:
 968 0245 76656374 		.ascii	"vector28\000"
 968      6F723238 
 968      00
 969              	.LASF35:
 970 024e 5F766563 		.ascii	"_vectors\000"
 970      746F7273 
 970      00
 971              	.LASF17:
 972 0257 72657365 		.ascii	"reset_handler\000"
 972      745F6861 
 972      6E646C65 
 972      7200
 973              	.LASF22:
 974 0265 75736167 		.ascii	"usagefault_handler\000"
 974      65666175 
 974      6C745F68 
 974      616E646C 
 974      657200
 975              	.LASF8:
 976 0278 6C6F6E67 		.ascii	"long long int\000"
 976      206C6F6E 
 976      6720696E 
 976      7400
ARM GAS  /var/folders/km/q6jdms0143g2bddz5bhvdfd00000gn/T//ccuVR0Tp.s 			page 20


 977              	.LASF38:
 978 0286 2F557365 		.ascii	"/Users/xavierdulex/Documents/EPFL/MT6/robotique_et_"
 978      72732F78 
 978      61766965 
 978      7264756C 
 978      65782F44 
 979 02b9 73797374 		.ascii	"systemes_ embarques/GitRobotique/TP3_Chibi/Chibi_co"
 979      656D6573 
 979      5F20656D 
 979      62617271 
 979      7565732F 
 980 02ec 72726563 		.ascii	"rrection/\000"
 980      74696F6E 
 980      2F00
 981              	.LASF14:
 982 02f6 53797374 		.ascii	"SystemCoreClock\000"
 982      656D436F 
 982      7265436C 
 982      6F636B00 
 983              	.LASF39:
 984 0306 5F756E68 		.ascii	"_unhandled_exception\000"
 984      616E646C 
 984      65645F65 
 984      78636570 
 984      74696F6E 
 985              	.LASF32:
 986 031b 76656374 		.ascii	"vectors\000"
 986      6F727300 
 987              	.LASF2:
 988 0323 73686F72 		.ascii	"short int\000"
 988      7420696E 
 988      7400
 989              	.LASF37:
 990 032d 2E2E2F2E 		.ascii	"../../lib/ChibiOS/os/common/ports/ARMCMx/compilers/"
 990      2E2F6C69 
 990      622F4368 
 990      6962694F 
 990      532F6F73 
 991 0360 4743432F 		.ascii	"GCC/vectors.c\000"
 991      76656374 
 991      6F72732E 
 991      6300
 992              	.LASF12:
 993 036e 75696E74 		.ascii	"uint32_t\000"
 993      33325F74 
 993      00
 994              	.LASF4:
 995 0377 6C6F6E67 		.ascii	"long int\000"
 995      20696E74 
 995      00
 996              	.LASF40:
 997 0380 63685379 		.ascii	"chSysHalt\000"
 997      7348616C 
 997      7400
 998              	.LASF20:
 999 038a 6D656D6D 		.ascii	"memmanage_handler\000"
 999      616E6167 
ARM GAS  /var/folders/km/q6jdms0143g2bddz5bhvdfd00000gn/T//ccuVR0Tp.s 			page 21


 999      655F6861 
 999      6E646C65 
 999      7200
 1000              	.LASF0:
 1001 039c 7369676E 		.ascii	"signed char\000"
 1001      65642063 
 1001      68617200 
 1002              	.LASF33:
 1003 03a8 76656374 		.ascii	"vectors_t\000"
 1003      6F72735F 
 1003      7400
 1004              	.LASF34:
 1005 03b2 5F5F6D61 		.ascii	"__main_stack_end__\000"
 1005      696E5F73 
 1005      7461636B 
 1005      5F656E64 
 1005      5F5F00
 1006              		.ident	"GCC: (GNU Tools for Arm Embedded Processors 7-2017-q4-major) 7.2.1 20170904 (release) [ARM
ARM GAS  /var/folders/km/q6jdms0143g2bddz5bhvdfd00000gn/T//ccuVR0Tp.s 			page 22


DEFINED SYMBOLS
                            *ABS*:0000000000000000 vectors.c
/var/folders/km/q6jdms0143g2bddz5bhvdfd00000gn/T//ccuVR0Tp.s:18     .text._unhandled_exception:0000000000000000 $t
/var/folders/km/q6jdms0143g2bddz5bhvdfd00000gn/T//ccuVR0Tp.s:26     .text._unhandled_exception:0000000000000000 _unhandled_exception
/var/folders/km/q6jdms0143g2bddz5bhvdfd00000gn/T//ccuVR0Tp.s:47     .text._unhandled_exception:000000000000000c $d
/var/folders/km/q6jdms0143g2bddz5bhvdfd00000gn/T//ccuVR0Tp.s:26     .text._unhandled_exception:0000000000000000 Vector1BC
/var/folders/km/q6jdms0143g2bddz5bhvdfd00000gn/T//ccuVR0Tp.s:26     .text._unhandled_exception:0000000000000000 Vector1B8
/var/folders/km/q6jdms0143g2bddz5bhvdfd00000gn/T//ccuVR0Tp.s:26     .text._unhandled_exception:0000000000000000 Vector1B4
/var/folders/km/q6jdms0143g2bddz5bhvdfd00000gn/T//ccuVR0Tp.s:26     .text._unhandled_exception:0000000000000000 Vector1B0
/var/folders/km/q6jdms0143g2bddz5bhvdfd00000gn/T//ccuVR0Tp.s:26     .text._unhandled_exception:0000000000000000 Vector1AC
/var/folders/km/q6jdms0143g2bddz5bhvdfd00000gn/T//ccuVR0Tp.s:26     .text._unhandled_exception:0000000000000000 Vector1A8
/var/folders/km/q6jdms0143g2bddz5bhvdfd00000gn/T//ccuVR0Tp.s:26     .text._unhandled_exception:0000000000000000 Vector1A4
/var/folders/km/q6jdms0143g2bddz5bhvdfd00000gn/T//ccuVR0Tp.s:26     .text._unhandled_exception:0000000000000000 Vector1A0
/var/folders/km/q6jdms0143g2bddz5bhvdfd00000gn/T//ccuVR0Tp.s:26     .text._unhandled_exception:0000000000000000 Vector19C
/var/folders/km/q6jdms0143g2bddz5bhvdfd00000gn/T//ccuVR0Tp.s:26     .text._unhandled_exception:0000000000000000 Vector198
/var/folders/km/q6jdms0143g2bddz5bhvdfd00000gn/T//ccuVR0Tp.s:26     .text._unhandled_exception:0000000000000000 Vector194
/var/folders/km/q6jdms0143g2bddz5bhvdfd00000gn/T//ccuVR0Tp.s:26     .text._unhandled_exception:0000000000000000 Vector190
/var/folders/km/q6jdms0143g2bddz5bhvdfd00000gn/T//ccuVR0Tp.s:26     .text._unhandled_exception:0000000000000000 Vector18C
/var/folders/km/q6jdms0143g2bddz5bhvdfd00000gn/T//ccuVR0Tp.s:26     .text._unhandled_exception:0000000000000000 Vector188
/var/folders/km/q6jdms0143g2bddz5bhvdfd00000gn/T//ccuVR0Tp.s:26     .text._unhandled_exception:0000000000000000 Vector184
/var/folders/km/q6jdms0143g2bddz5bhvdfd00000gn/T//ccuVR0Tp.s:26     .text._unhandled_exception:0000000000000000 Vector180
/var/folders/km/q6jdms0143g2bddz5bhvdfd00000gn/T//ccuVR0Tp.s:26     .text._unhandled_exception:0000000000000000 Vector17C
/var/folders/km/q6jdms0143g2bddz5bhvdfd00000gn/T//ccuVR0Tp.s:26     .text._unhandled_exception:0000000000000000 Vector178
/var/folders/km/q6jdms0143g2bddz5bhvdfd00000gn/T//ccuVR0Tp.s:26     .text._unhandled_exception:0000000000000000 Vector174
/var/folders/km/q6jdms0143g2bddz5bhvdfd00000gn/T//ccuVR0Tp.s:26     .text._unhandled_exception:0000000000000000 Vector170
/var/folders/km/q6jdms0143g2bddz5bhvdfd00000gn/T//ccuVR0Tp.s:26     .text._unhandled_exception:0000000000000000 Vector16C
/var/folders/km/q6jdms0143g2bddz5bhvdfd00000gn/T//ccuVR0Tp.s:26     .text._unhandled_exception:0000000000000000 Vector168
/var/folders/km/q6jdms0143g2bddz5bhvdfd00000gn/T//ccuVR0Tp.s:26     .text._unhandled_exception:0000000000000000 Vector164
/var/folders/km/q6jdms0143g2bddz5bhvdfd00000gn/T//ccuVR0Tp.s:26     .text._unhandled_exception:0000000000000000 Vector160
/var/folders/km/q6jdms0143g2bddz5bhvdfd00000gn/T//ccuVR0Tp.s:26     .text._unhandled_exception:0000000000000000 Vector15C
/var/folders/km/q6jdms0143g2bddz5bhvdfd00000gn/T//ccuVR0Tp.s:26     .text._unhandled_exception:0000000000000000 Vector158
/var/folders/km/q6jdms0143g2bddz5bhvdfd00000gn/T//ccuVR0Tp.s:26     .text._unhandled_exception:0000000000000000 Vector154
/var/folders/km/q6jdms0143g2bddz5bhvdfd00000gn/T//ccuVR0Tp.s:26     .text._unhandled_exception:0000000000000000 Vector150
/var/folders/km/q6jdms0143g2bddz5bhvdfd00000gn/T//ccuVR0Tp.s:26     .text._unhandled_exception:0000000000000000 Vector14C
/var/folders/km/q6jdms0143g2bddz5bhvdfd00000gn/T//ccuVR0Tp.s:26     .text._unhandled_exception:0000000000000000 Vector148
/var/folders/km/q6jdms0143g2bddz5bhvdfd00000gn/T//ccuVR0Tp.s:26     .text._unhandled_exception:0000000000000000 Vector144
/var/folders/km/q6jdms0143g2bddz5bhvdfd00000gn/T//ccuVR0Tp.s:26     .text._unhandled_exception:0000000000000000 Vector140
/var/folders/km/q6jdms0143g2bddz5bhvdfd00000gn/T//ccuVR0Tp.s:26     .text._unhandled_exception:0000000000000000 Vector13C
/var/folders/km/q6jdms0143g2bddz5bhvdfd00000gn/T//ccuVR0Tp.s:26     .text._unhandled_exception:0000000000000000 Vector138
/var/folders/km/q6jdms0143g2bddz5bhvdfd00000gn/T//ccuVR0Tp.s:26     .text._unhandled_exception:0000000000000000 Vector134
/var/folders/km/q6jdms0143g2bddz5bhvdfd00000gn/T//ccuVR0Tp.s:26     .text._unhandled_exception:0000000000000000 Vector130
/var/folders/km/q6jdms0143g2bddz5bhvdfd00000gn/T//ccuVR0Tp.s:26     .text._unhandled_exception:0000000000000000 Vector12C
/var/folders/km/q6jdms0143g2bddz5bhvdfd00000gn/T//ccuVR0Tp.s:26     .text._unhandled_exception:0000000000000000 Vector128
/var/folders/km/q6jdms0143g2bddz5bhvdfd00000gn/T//ccuVR0Tp.s:26     .text._unhandled_exception:0000000000000000 Vector124
/var/folders/km/q6jdms0143g2bddz5bhvdfd00000gn/T//ccuVR0Tp.s:26     .text._unhandled_exception:0000000000000000 Vector120
/var/folders/km/q6jdms0143g2bddz5bhvdfd00000gn/T//ccuVR0Tp.s:26     .text._unhandled_exception:0000000000000000 Vector11C
/var/folders/km/q6jdms0143g2bddz5bhvdfd00000gn/T//ccuVR0Tp.s:26     .text._unhandled_exception:0000000000000000 Vector118
/var/folders/km/q6jdms0143g2bddz5bhvdfd00000gn/T//ccuVR0Tp.s:26     .text._unhandled_exception:0000000000000000 Vector114
/var/folders/km/q6jdms0143g2bddz5bhvdfd00000gn/T//ccuVR0Tp.s:26     .text._unhandled_exception:0000000000000000 Vector110
/var/folders/km/q6jdms0143g2bddz5bhvdfd00000gn/T//ccuVR0Tp.s:26     .text._unhandled_exception:0000000000000000 Vector10C
/var/folders/km/q6jdms0143g2bddz5bhvdfd00000gn/T//ccuVR0Tp.s:26     .text._unhandled_exception:0000000000000000 Vector108
/var/folders/km/q6jdms0143g2bddz5bhvdfd00000gn/T//ccuVR0Tp.s:26     .text._unhandled_exception:0000000000000000 Vector104
/var/folders/km/q6jdms0143g2bddz5bhvdfd00000gn/T//ccuVR0Tp.s:26     .text._unhandled_exception:0000000000000000 Vector100
/var/folders/km/q6jdms0143g2bddz5bhvdfd00000gn/T//ccuVR0Tp.s:26     .text._unhandled_exception:0000000000000000 VectorFC
/var/folders/km/q6jdms0143g2bddz5bhvdfd00000gn/T//ccuVR0Tp.s:26     .text._unhandled_exception:0000000000000000 VectorF8
/var/folders/km/q6jdms0143g2bddz5bhvdfd00000gn/T//ccuVR0Tp.s:26     .text._unhandled_exception:0000000000000000 VectorF4
/var/folders/km/q6jdms0143g2bddz5bhvdfd00000gn/T//ccuVR0Tp.s:26     .text._unhandled_exception:0000000000000000 VectorF0
ARM GAS  /var/folders/km/q6jdms0143g2bddz5bhvdfd00000gn/T//ccuVR0Tp.s 			page 23


/var/folders/km/q6jdms0143g2bddz5bhvdfd00000gn/T//ccuVR0Tp.s:26     .text._unhandled_exception:0000000000000000 VectorEC
/var/folders/km/q6jdms0143g2bddz5bhvdfd00000gn/T//ccuVR0Tp.s:26     .text._unhandled_exception:0000000000000000 VectorE8
/var/folders/km/q6jdms0143g2bddz5bhvdfd00000gn/T//ccuVR0Tp.s:26     .text._unhandled_exception:0000000000000000 VectorE4
/var/folders/km/q6jdms0143g2bddz5bhvdfd00000gn/T//ccuVR0Tp.s:26     .text._unhandled_exception:0000000000000000 VectorE0
/var/folders/km/q6jdms0143g2bddz5bhvdfd00000gn/T//ccuVR0Tp.s:26     .text._unhandled_exception:0000000000000000 VectorDC
/var/folders/km/q6jdms0143g2bddz5bhvdfd00000gn/T//ccuVR0Tp.s:26     .text._unhandled_exception:0000000000000000 VectorD8
/var/folders/km/q6jdms0143g2bddz5bhvdfd00000gn/T//ccuVR0Tp.s:26     .text._unhandled_exception:0000000000000000 VectorD4
/var/folders/km/q6jdms0143g2bddz5bhvdfd00000gn/T//ccuVR0Tp.s:26     .text._unhandled_exception:0000000000000000 VectorD0
/var/folders/km/q6jdms0143g2bddz5bhvdfd00000gn/T//ccuVR0Tp.s:26     .text._unhandled_exception:0000000000000000 VectorCC
/var/folders/km/q6jdms0143g2bddz5bhvdfd00000gn/T//ccuVR0Tp.s:26     .text._unhandled_exception:0000000000000000 VectorC8
/var/folders/km/q6jdms0143g2bddz5bhvdfd00000gn/T//ccuVR0Tp.s:26     .text._unhandled_exception:0000000000000000 VectorC4
/var/folders/km/q6jdms0143g2bddz5bhvdfd00000gn/T//ccuVR0Tp.s:26     .text._unhandled_exception:0000000000000000 VectorC0
/var/folders/km/q6jdms0143g2bddz5bhvdfd00000gn/T//ccuVR0Tp.s:26     .text._unhandled_exception:0000000000000000 VectorBC
/var/folders/km/q6jdms0143g2bddz5bhvdfd00000gn/T//ccuVR0Tp.s:26     .text._unhandled_exception:0000000000000000 VectorB8
/var/folders/km/q6jdms0143g2bddz5bhvdfd00000gn/T//ccuVR0Tp.s:26     .text._unhandled_exception:0000000000000000 VectorB4
/var/folders/km/q6jdms0143g2bddz5bhvdfd00000gn/T//ccuVR0Tp.s:26     .text._unhandled_exception:0000000000000000 VectorB0
/var/folders/km/q6jdms0143g2bddz5bhvdfd00000gn/T//ccuVR0Tp.s:26     .text._unhandled_exception:0000000000000000 VectorAC
/var/folders/km/q6jdms0143g2bddz5bhvdfd00000gn/T//ccuVR0Tp.s:26     .text._unhandled_exception:0000000000000000 VectorA8
/var/folders/km/q6jdms0143g2bddz5bhvdfd00000gn/T//ccuVR0Tp.s:26     .text._unhandled_exception:0000000000000000 VectorA4
/var/folders/km/q6jdms0143g2bddz5bhvdfd00000gn/T//ccuVR0Tp.s:26     .text._unhandled_exception:0000000000000000 VectorA0
/var/folders/km/q6jdms0143g2bddz5bhvdfd00000gn/T//ccuVR0Tp.s:26     .text._unhandled_exception:0000000000000000 Vector9C
/var/folders/km/q6jdms0143g2bddz5bhvdfd00000gn/T//ccuVR0Tp.s:26     .text._unhandled_exception:0000000000000000 Vector98
/var/folders/km/q6jdms0143g2bddz5bhvdfd00000gn/T//ccuVR0Tp.s:26     .text._unhandled_exception:0000000000000000 Vector94
/var/folders/km/q6jdms0143g2bddz5bhvdfd00000gn/T//ccuVR0Tp.s:26     .text._unhandled_exception:0000000000000000 Vector90
/var/folders/km/q6jdms0143g2bddz5bhvdfd00000gn/T//ccuVR0Tp.s:26     .text._unhandled_exception:0000000000000000 Vector8C
/var/folders/km/q6jdms0143g2bddz5bhvdfd00000gn/T//ccuVR0Tp.s:26     .text._unhandled_exception:0000000000000000 Vector88
/var/folders/km/q6jdms0143g2bddz5bhvdfd00000gn/T//ccuVR0Tp.s:26     .text._unhandled_exception:0000000000000000 Vector84
/var/folders/km/q6jdms0143g2bddz5bhvdfd00000gn/T//ccuVR0Tp.s:26     .text._unhandled_exception:0000000000000000 Vector80
/var/folders/km/q6jdms0143g2bddz5bhvdfd00000gn/T//ccuVR0Tp.s:26     .text._unhandled_exception:0000000000000000 Vector7C
/var/folders/km/q6jdms0143g2bddz5bhvdfd00000gn/T//ccuVR0Tp.s:26     .text._unhandled_exception:0000000000000000 Vector78
/var/folders/km/q6jdms0143g2bddz5bhvdfd00000gn/T//ccuVR0Tp.s:26     .text._unhandled_exception:0000000000000000 Vector74
/var/folders/km/q6jdms0143g2bddz5bhvdfd00000gn/T//ccuVR0Tp.s:26     .text._unhandled_exception:0000000000000000 Vector70
/var/folders/km/q6jdms0143g2bddz5bhvdfd00000gn/T//ccuVR0Tp.s:26     .text._unhandled_exception:0000000000000000 Vector6C
/var/folders/km/q6jdms0143g2bddz5bhvdfd00000gn/T//ccuVR0Tp.s:26     .text._unhandled_exception:0000000000000000 Vector68
/var/folders/km/q6jdms0143g2bddz5bhvdfd00000gn/T//ccuVR0Tp.s:26     .text._unhandled_exception:0000000000000000 Vector64
/var/folders/km/q6jdms0143g2bddz5bhvdfd00000gn/T//ccuVR0Tp.s:26     .text._unhandled_exception:0000000000000000 Vector60
/var/folders/km/q6jdms0143g2bddz5bhvdfd00000gn/T//ccuVR0Tp.s:26     .text._unhandled_exception:0000000000000000 Vector5C
/var/folders/km/q6jdms0143g2bddz5bhvdfd00000gn/T//ccuVR0Tp.s:26     .text._unhandled_exception:0000000000000000 Vector58
/var/folders/km/q6jdms0143g2bddz5bhvdfd00000gn/T//ccuVR0Tp.s:26     .text._unhandled_exception:0000000000000000 Vector54
/var/folders/km/q6jdms0143g2bddz5bhvdfd00000gn/T//ccuVR0Tp.s:26     .text._unhandled_exception:0000000000000000 Vector50
/var/folders/km/q6jdms0143g2bddz5bhvdfd00000gn/T//ccuVR0Tp.s:26     .text._unhandled_exception:0000000000000000 Vector4C
/var/folders/km/q6jdms0143g2bddz5bhvdfd00000gn/T//ccuVR0Tp.s:26     .text._unhandled_exception:0000000000000000 Vector48
/var/folders/km/q6jdms0143g2bddz5bhvdfd00000gn/T//ccuVR0Tp.s:26     .text._unhandled_exception:0000000000000000 Vector44
/var/folders/km/q6jdms0143g2bddz5bhvdfd00000gn/T//ccuVR0Tp.s:26     .text._unhandled_exception:0000000000000000 Vector40
/var/folders/km/q6jdms0143g2bddz5bhvdfd00000gn/T//ccuVR0Tp.s:26     .text._unhandled_exception:0000000000000000 SysTick_Handler
/var/folders/km/q6jdms0143g2bddz5bhvdfd00000gn/T//ccuVR0Tp.s:26     .text._unhandled_exception:0000000000000000 PendSV_Handler
/var/folders/km/q6jdms0143g2bddz5bhvdfd00000gn/T//ccuVR0Tp.s:26     .text._unhandled_exception:0000000000000000 Vector34
/var/folders/km/q6jdms0143g2bddz5bhvdfd00000gn/T//ccuVR0Tp.s:26     .text._unhandled_exception:0000000000000000 DebugMon_Handler
/var/folders/km/q6jdms0143g2bddz5bhvdfd00000gn/T//ccuVR0Tp.s:26     .text._unhandled_exception:0000000000000000 SVC_Handler
/var/folders/km/q6jdms0143g2bddz5bhvdfd00000gn/T//ccuVR0Tp.s:26     .text._unhandled_exception:0000000000000000 Vector28
/var/folders/km/q6jdms0143g2bddz5bhvdfd00000gn/T//ccuVR0Tp.s:26     .text._unhandled_exception:0000000000000000 Vector24
/var/folders/km/q6jdms0143g2bddz5bhvdfd00000gn/T//ccuVR0Tp.s:26     .text._unhandled_exception:0000000000000000 Vector20
/var/folders/km/q6jdms0143g2bddz5bhvdfd00000gn/T//ccuVR0Tp.s:26     .text._unhandled_exception:0000000000000000 Vector1C
/var/folders/km/q6jdms0143g2bddz5bhvdfd00000gn/T//ccuVR0Tp.s:26     .text._unhandled_exception:0000000000000000 UsageFault_Handler
/var/folders/km/q6jdms0143g2bddz5bhvdfd00000gn/T//ccuVR0Tp.s:26     .text._unhandled_exception:0000000000000000 BusFault_Handler
/var/folders/km/q6jdms0143g2bddz5bhvdfd00000gn/T//ccuVR0Tp.s:26     .text._unhandled_exception:0000000000000000 MemManage_Handler
/var/folders/km/q6jdms0143g2bddz5bhvdfd00000gn/T//ccuVR0Tp.s:26     .text._unhandled_exception:0000000000000000 HardFault_Handler
ARM GAS  /var/folders/km/q6jdms0143g2bddz5bhvdfd00000gn/T//ccuVR0Tp.s 			page 24


/var/folders/km/q6jdms0143g2bddz5bhvdfd00000gn/T//ccuVR0Tp.s:26     .text._unhandled_exception:0000000000000000 NMI_Handler
/var/folders/km/q6jdms0143g2bddz5bhvdfd00000gn/T//ccuVR0Tp.s:26     .text._unhandled_exception:0000000000000000 Reset_Handler
/var/folders/km/q6jdms0143g2bddz5bhvdfd00000gn/T//ccuVR0Tp.s:282    .vectors:0000000000000000 _vectors
/var/folders/km/q6jdms0143g2bddz5bhvdfd00000gn/T//ccuVR0Tp.s:275    .rodata._unhandled_exception.str1.4:0000000000000000 $d
/var/folders/km/q6jdms0143g2bddz5bhvdfd00000gn/T//ccuVR0Tp.s:279    .vectors:0000000000000000 $d

UNDEFINED SYMBOLS
chSysHalt
__main_stack_end__
